# JRE version: OpenJDK Runtime Environment (8.0_202-b03) (build 1.8.0_202-release-1483-b03)
# Java VM: OpenJDK 64-Bit Server VM (25.202-b03 mixed mode windows-amd64 compressed oops)
Heap:
 PSYoungGen      total 456192K, used 99202K [0x00000000e0000000, 0x0000000100000000, 0x0000000100000000)
  eden space 401408K, 12% used [0x00000000e0000000,0x00000000e304bfe0,0x00000000f8800000)
  from space 54784K, 90% used [0x00000000fc480000,0x00000000ff514bd8,0x00000000ffa00000)
  to   space 61440K, 0% used [0x00000000f8800000,0x00000000f8800000,0x00000000fc400000)
 ParOldGen       total 181760K, used 45177K [0x00000000a0000000, 0x00000000ab180000, 0x00000000e0000000)
  object space 181760K, 24% used [0x00000000a0000000,0x00000000a2c1e698,0x00000000ab180000)
 Metaspace       used 104892K, capacity 110134K, committed 110412K, reserved 1144832K
  class space    used 13171K, capacity 14132K, committed 14208K, reserved 1048576K
GC Heap History (10 events):
Event: 8362.700 GC heap before
{Heap before GC invocations=22 (full 4):
 PSYoungGen      total 304128K, used 293888K [0x00000000e0000000, 0x00000000f5f00000, 0x0000000100000000)
  eden space 293888K, 100% used [0x00000000e0000000,0x00000000f1f00000,0x00000000f1f00000)
  from space 10240K, 0% used [0x00000000f2a80000,0x00000000f2a80000,0x00000000f3480000)
  to   space 32768K, 0% used [0x00000000f3f00000,0x00000000f3f00000,0x00000000f5f00000)
 ParOldGen       total 181760K, used 41790K [0x00000000a0000000, 0x00000000ab180000, 0x00000000e0000000)
  object space 181760K, 22% used [0x00000000a0000000,0x00000000a28cfaa0,0x00000000ab180000)
 Metaspace       used 97909K, capacity 102344K, committed 104012K, reserved 1140736K
  class space    used 12463K, capacity 13304K, committed 13696K, reserved 1048576K
Event: 8363.159 GC heap after
Heap after GC invocations=22 (full 4):
 PSYoungGen      total 323584K, used 28420K [0x00000000e0000000, 0x00000000f9900000, 0x0000000100000000)
  eden space 290816K, 0% used [0x00000000e0000000,0x00000000e0000000,0x00000000f1c00000)
  from space 32768K, 86% used [0x00000000f3f00000,0x00000000f5ac1008,0x00000000f5f00000)
  to   space 35840K, 0% used [0x00000000f1c00000,0x00000000f1c00000,0x00000000f3f00000)
 ParOldGen       total 181760K, used 41798K [0x00000000a0000000, 0x00000000ab180000, 0x00000000e0000000)
  object space 181760K, 22% used [0x00000000a0000000,0x00000000a28d1aa0,0x00000000ab180000)
 Metaspace       used 97909K, capacity 102344K, committed 104012K, reserved 1140736K
  class space    used 12463K, capacity 13304K, committed 13696K, reserved 1048576K
}
Event: 8673.024 GC heap before
{Heap before GC invocations=23 (full 4):
 PSYoungGen      total 323584K, used 319236K [0x00000000e0000000, 0x00000000f9900000, 0x0000000100000000)
  eden space 290816K, 100% used [0x00000000e0000000,0x00000000f1c00000,0x00000000f1c00000)
  from space 32768K, 86% used [0x00000000f3f00000,0x00000000f5ac1008,0x00000000f5f00000)
  to   space 35840K, 0% used [0x00000000f1c00000,0x00000000f1c00000,0x00000000f3f00000)
 ParOldGen       total 181760K, used 41798K [0x00000000a0000000, 0x00000000ab180000, 0x00000000e0000000)
  object space 181760K, 22% used [0x00000000a0000000,0x00000000a28d1aa0,0x00000000ab180000)
 Metaspace       used 102586K, capacity 107610K, committed 107980K, reserved 1142784K
  class space    used 12997K, capacity 13942K, committed 14080K, reserved 1048576K
Event: 8673.135 GC heap after
Heap after GC invocations=23 (full 4):
 PSYoungGen      total 326656K, used 35598K [0x00000000e0000000, 0x00000000f9800000, 0x0000000100000000)
  eden space 290816K, 0% used [0x00000000e0000000,0x00000000e0000000,0x00000000f1c00000)
  from space 35840K, 99% used [0x00000000f1c00000,0x00000000f3ec3900,0x00000000f3f00000)
  to   space 40960K, 0% used [0x00000000f7000000,0x00000000f7000000,0x00000000f9800000)
 ParOldGen       total 181760K, used 41806K [0x00000000a0000000, 0x00000000ab180000, 0x00000000e0000000)
  object space 181760K, 23% used [0x00000000a0000000,0x00000000a28d3aa0,0x00000000ab180000)
 Metaspace       used 102586K, capacity 107610K, committed 107980K, reserved 1142784K
  class space    used 12997K, capacity 13942K, committed 14080K, reserved 1048576K
}
Event: 8687.614 GC heap before
{Heap before GC invocations=24 (full 4):
 PSYoungGen      total 326656K, used 326414K [0x00000000e0000000, 0x00000000f9800000, 0x0000000100000000)
  eden space 290816K, 100% used [0x00000000e0000000,0x00000000f1c00000,0x00000000f1c00000)
  from space 35840K, 99% used [0x00000000f1c00000,0x00000000f3ec3900,0x00000000f3f00000)
  to   space 40960K, 0% used [0x00000000f7000000,0x00000000f7000000,0x00000000f9800000)
 ParOldGen       total 181760K, used 41806K [0x00000000a0000000, 0x00000000ab180000, 0x00000000e0000000)
  object space 181760K, 23% used [0x00000000a0000000,0x00000000a28d3aa0,0x00000000ab180000)
 Metaspace       used 104004K, capacity 109068K, committed 109260K, reserved 1144832K
  class space    used 13110K, capacity 14063K, committed 14080K, reserved 1048576K
Event: 8687.672 GC heap after
Heap after GC invocations=24 (full 4):
 PSYoungGen      total 370688K, used 40951K [0x00000000e0000000, 0x00000000fa080000, 0x0000000100000000)
  eden space 329728K, 0% used [0x00000000e0000000,0x00000000e0000000,0x00000000f4200000)
  from space 40960K, 99% used [0x00000000f7000000,0x00000000f97fde50,0x00000000f9800000)
  to   space 47104K, 0% used [0x00000000f4200000,0x00000000f4200000,0x00000000f7000000)
 ParOldGen       total 181760K, used 43419K [0x00000000a0000000, 0x00000000ab180000, 0x00000000e0000000)
  object space 181760K, 23% used [0x00000000a0000000,0x00000000a2a66dc0,0x00000000ab180000)
 Metaspace       used 104004K, capacity 109068K, committed 109260K, reserved 1144832K
  class space    used 13110K, capacity 14063K, committed 14080K, reserved 1048576K
}
Event: 8689.720 GC heap before
{Heap before GC invocations=25 (full 4):
 PSYoungGen      total 370688K, used 370679K [0x00000000e0000000, 0x00000000fa080000, 0x0000000100000000)
  eden space 329728K, 100% used [0x00000000e0000000,0x00000000f4200000,0x00000000f4200000)
  from space 40960K, 99% used [0x00000000f7000000,0x00000000f97fde50,0x00000000f9800000)
  to   space 47104K, 0% used [0x00000000f4200000,0x00000000f4200000,0x00000000f7000000)
 ParOldGen       total 181760K, used 43419K [0x00000000a0000000, 0x00000000ab180000, 0x00000000e0000000)
  object space 181760K, 23% used [0x00000000a0000000,0x00000000a2a66dc0,0x00000000ab180000)
 Metaspace       used 104701K, capacity 109972K, committed 110156K, reserved 1144832K
  class space    used 13151K, capacity 14125K, committed 14208K, reserved 1048576K
Event: 8689.830 GC heap after
Heap after GC invocations=25 (full 4):
 PSYoungGen      total 376832K, used 47084K [0x00000000e0000000, 0x00000000ffa00000, 0x0000000100000000)
  eden space 329728K, 0% used [0x00000000e0000000,0x00000000e0000000,0x00000000f4200000)
  from space 47104K, 99% used [0x00000000f4200000,0x00000000f6ffb048,0x00000000f7000000)
  to   space 54784K, 0% used [0x00000000fc480000,0x00000000fc480000,0x00000000ffa00000)
 ParOldGen       total 181760K, used 45177K [0x00000000a0000000, 0x00000000ab180000, 0x00000000e0000000)
  object space 181760K, 24% used [0x00000000a0000000,0x00000000a2c1e698,0x00000000ab180000)
 Metaspace       used 104701K, capacity 109972K, committed 110156K, reserved 1144832K
  class space    used 13151K, capacity 14125K, committed 14208K, reserved 1048576K
}
Event: 8691.689 GC heap before
{Heap before GC invocations=26 (full 4):
 PSYoungGen      total 376832K, used 376812K [0x00000000e0000000, 0x00000000ffa00000, 0x0000000100000000)
  eden space 329728K, 100% used [0x00000000e0000000,0x00000000f4200000,0x00000000f4200000)
  from space 47104K, 99% used [0x00000000f4200000,0x00000000f6ffb048,0x00000000f7000000)
  to   space 54784K, 0% used [0x00000000fc480000,0x00000000fc480000,0x00000000ffa00000)
 ParOldGen       total 181760K, used 45177K [0x00000000a0000000, 0x00000000ab180000, 0x00000000e0000000)
  object space 181760K, 24% used [0x00000000a0000000,0x00000000a2c1e698,0x00000000ab180000)
 Metaspace       used 104880K, capacity 110134K, committed 110412K, reserved 1144832K
  class space    used 13171K, capacity 14132K, committed 14208K, reserved 1048576K
Event: 8691.739 GC heap after
Heap after GC invocations=26 (full 4):
 PSYoungGen      total 456192K, used 49746K [0x00000000e0000000, 0x0000000100000000, 0x0000000100000000)
  eden space 401408K, 0% used [0x00000000e0000000,0x00000000e0000000,0x00000000f8800000)
  from space 54784K, 90% used [0x00000000fc480000,0x00000000ff514bd8,0x00000000ffa00000)
  to   space 61440K, 0% used [0x00000000f8800000,0x00000000f8800000,0x00000000fc400000)
 ParOldGen       total 181760K, used 45177K [0x00000000a0000000, 0x00000000ab180000, 0x00000000e0000000)
  object space 181760K, 24% used [0x00000000a0000000,0x00000000a2c1e698,0x00000000ab180000)
 Metaspace       used 104880K, capacity 110134K, committed 110412K, reserved 1144832K
  class space    used 13171K, capacity 14132K, committed 14208K, reserved 1048576K
}

